<?xml version="1.0" encoding="UTF-8"?>
<!-- Generated by org.testng.reporters.JUnitReportReporter -->
<testsuite name="TestingGroups.Class1" tests="1" time="0.004" ignored="4" failures="0" timestamp="25 Jul 2017 05:09:48 GMT" skipped="0" hostname="DESKTOP-8P7R3OH" errors="0">
  <testcase name="regressionclass1" time="0.004" classname="TestingGroups.Class1"/>
  <testcase name="bvtclass1" classname="TestingGroups.Class1">
    <skipped/>
  </testcase> <!-- bvtclass1 -->
  <testcase name="priorityclass1" classname="TestingGroups.Class1">
    <skipped/>
  </testcase> <!-- priorityclass1 -->
  <testcase name="bvtclass2" classname="TestingGroups.Class2">
    <skipped/>
  </testcase> <!-- bvtclass2 -->
  <testcase name="priorityclass2" classname="TestingGroups.Class2">
    <skipped/>
  </testcase> <!-- priorityclass2 -->
</testsuite> <!-- TestingGroups.Class1 -->
