<?xml version="1.0" encoding="UTF-8"?>
<!-- Generated by org.testng.reporters.JUnitReportReporter -->
<testsuite name="collections.CollectionsTutorial" tests="1" time="0.024" ignored="0" failures="0" timestamp="12 Aug 2017 14:46:23 GMT" skipped="0" hostname="DESKTOP-8P7R3OH" errors="0">
  <testcase name="CollectoionTest" time="0.024" classname="collections.CollectionsTutorial"/>
</testsuite> <!-- collections.CollectionsTutorial -->
