<?xml version="1.0" encoding="UTF-8"?>
<!-- Generated by org.testng.reporters.JUnitReportReporter -->
<testsuite name="testClasses.CreateNewAccount" tests="1" time="7.926" ignored="0" failures="0" timestamp="21 Aug 2017 03:47:27 GMT" skipped="0" hostname="DESKTOP-8P7R3OH" errors="0">
  <testcase name="createNewAccountfromHomePage" time="7.926" classname="testClasses.CreateNewAccount"/>
</testsuite> <!-- testClasses.CreateNewAccount -->
