<?xml version="1.0" encoding="UTF-8"?>
<!-- Generated by org.testng.reporters.JUnitReportReporter -->
<testsuite name="FirstClass.TestNG" tests="6" time="0.054" ignored="0" failures="0" timestamp="24 Jul 2017 04:53:39 GMT" skipped="0" hostname="DESKTOP-8P7R3OH" errors="0">
  <testcase name="getDataFromDataProvider" time="0.002" classname="FirstClass.TestNG"/>
  <testcase name="timeOutExample" time="0.029" classname="FirstClass.TestNG"/>
  <testcase name="checkGroupRegression" time="0.017" classname="FirstClass.TestNG"/>
  <testcase name="getDataFromDataProvider" time="0.003" classname="FirstClass.TestNG"/>
  <testcase name="getDataFromDataProvider" time="0.002" classname="FirstClass.TestNG"/>
  <testcase name="getDataFromDataProvider" time="0.001" classname="FirstClass.TestNG"/>
</testsuite> <!-- FirstClass.TestNG -->
