<?xml version="1.0" encoding="UTF-8"?>
<!-- Generated by org.testng.reporters.JUnitReportReporter -->
<testsuite name="TestingGroups.Class2" tests="2" time="0.017" ignored="4" failures="0" timestamp="25 Jul 2017 05:09:48 GMT" skipped="0" hostname="DESKTOP-8P7R3OH" errors="0">
  <testcase name="testingparameters" time="0.003" classname="TestingGroups.Class2"/>
  <testcase name="regressionclass2" time="0.014" classname="TestingGroups.Class2"/>
  <testcase name="bvtclass1" classname="TestingGroups.Class1">
    <skipped/>
  </testcase> <!-- bvtclass1 -->
  <testcase name="priorityclass1" classname="TestingGroups.Class1">
    <skipped/>
  </testcase> <!-- priorityclass1 -->
  <testcase name="bvtclass2" classname="TestingGroups.Class2">
    <skipped/>
  </testcase> <!-- bvtclass2 -->
  <testcase name="priorityclass2" classname="TestingGroups.Class2">
    <skipped/>
  </testcase> <!-- priorityclass2 -->
</testsuite> <!-- TestingGroups.Class2 -->
