<?xml version="1.0" encoding="UTF-8"?>
<!-- Generated by org.testng.reporters.JUnitReportReporter -->
<testsuite name="Inheritance.MainTut" tests="1" time="0.016" ignored="0" failures="0" timestamp="01 Aug 2017 23:04:37 GMT" skipped="0" hostname="DESKTOP-8P7R3OH" errors="0">
  <testcase name="runIt" time="0.016" classname="Inheritance.MainTut"/>
</testsuite> <!-- Inheritance.MainTut -->
