<?xml version="1.0" encoding="UTF-8"?>
<!-- Generated by org.testng.reporters.JUnitReportReporter -->
<testsuite skipped="0" hostname="DESKTOP-8P7R3OH" name="testClasses.CreateNewCustomer" tests="1" failures="0" timestamp="03 Sep 2017 15:46:38 GMT" time="24.855" errors="0">
  <testcase name="createNewCustomerfromHomePage" time="24.855" classname="testClasses.CreateNewCustomer"/>
</testsuite> <!-- testClasses.CreateNewCustomer -->
