<?xml version="1.0" encoding="UTF-8"?>
<!-- Generated by org.testng.reporters.JUnitReportReporter -->
<testsuite skipped="0" hostname="DESKTOP-8P7R3OH" name="com.webservices.LandLords" tests="4" failures="0" timestamp="23 Sep 2017 16:21:36 GMT" time="5.878" errors="0">
  <testcase name="GetlandLords" time="0.105" classname="com.webservices.LandLords"/>
  <testcase name="PostlandLords" time="0.064" classname="com.webservices.LandLords"/>
  <testcase name="DeletelandLords" time="5.673" classname="com.webservices.LandLords"/>
  <testcase name="PutlandLords" time="0.036" classname="com.webservices.LandLords"/>
</testsuite> <!-- com.webservices.LandLords -->
